Negotiation Status before insert: 与信怪しい
Negotiation Status after insert: 
Negotiation Status before insert: 与信怪しい
Negotiation Status after insert: 与信怪しい
Negotiation Status before insert: 進行中
Negotiation Status after insert: 進行中
Negotiation Status before insert: 進行中
Negotiation Status after insert: 進行中
Negotiation Status before insert: 進行中
Negotiation Status after insert: 進行中
Negotiation Status before insert: 工事後再説
Negotiation Status after insert: 工事後再説
Negotiation Status before insert: 進行中
Negotiation Status after insert: 進行中
Negotiation Status before insert: 進行中
Negotiation Status after insert: 進行中
Negotiation Status before insert: 進行中
Negotiation Status after insert: 進行中
Negotiation Status before insert: 承認後キャンセル
Negotiation Status after insert: 
Negotiation Status before insert: 承認完了
Negotiation Status after insert: 
Negotiation Status before insert: 承認後キャンセル
Negotiation Status after insert: 
Negotiation Status before insert: 工事前キャンセル
Negotiation Status after insert: 工事前キャンセル
Negotiation Status before insert: 承認後キャンセル
Negotiation Status after insert: 
Negotiation Status before insert: 進行中
Negotiation Status after insert: 進行中
Negotiation Status before insert: 承認後キャンセル
Negotiation Status after insert: 承認後キャンセル
Error: 無効な工事ステータスです
Error: 無効な工事ステータスです
Error: 無効な工事ステータスです
Negotiation Status before insert: 
Negotiation Status after insert: NULL
Negotiation Status before insert: 承認後キャンセル
Negotiation Status after insert: 承認後キャンセル
Received negotiation_status: 承認後キャンセル
Negotiation Status before insert: 承認後キャンセル
Negotiation Status after insert: 承認後キャンセル
